[0.025s] Invoking command in '/home/thanushree/ros2_ws/src/assignment-ros2-lifecycle-nodes-ThanushreeN27/build/ros2_lifecycle': CMAKE_PREFIX_PATH=${CMAKE_PREFIX_PATH}:/opt/ros/jazzy DEBUGINFOD_URLS=https://debuginfod.ubuntu.com /usr/bin/cmake /home/thanushree/ros2_ws/src/assignment-ros2-lifecycle-nodes-ThanushreeN27 -DCMAKE_INSTALL_PREFIX=/home/thanushree/ros2_ws/src/assignment-ros2-lifecycle-nodes-ThanushreeN27/install/ros2_lifecycle
[0.223s] -- The C compiler identification is GNU 13.3.0
[0.381s] -- The CXX compiler identification is GNU 13.3.0
[0.421s] -- Detecting C compiler ABI info
[0.579s] -- Detecting C compiler ABI info - done
[0.594s] -- Check for working C compiler: /usr/bin/cc - skipped
[0.595s] -- Detecting C compile features
[0.596s] -- Detecting C compile features - done
[0.614s] -- Detecting CXX compiler ABI info
[0.775s] -- Detecting CXX compiler ABI info - done
[0.790s] -- Check for working CXX compiler: /usr/bin/c++ - skipped
[0.790s] -- Detecting CXX compile features
[0.791s] -- Detecting CXX compile features - done
[0.803s] -- Found ament_cmake: 2.5.4 (/opt/ros/jazzy/share/ament_cmake/cmake)
[1.032s] -- Found Python3: /usr/bin/python3 (found version "3.12.3") found components: Interpreter 
[1.237s] -- Found rclcpp: 28.1.13 (/opt/ros/jazzy/share/rclcpp/cmake)
[1.351s] -- Found rosidl_generator_c: 4.6.6 (/opt/ros/jazzy/share/rosidl_generator_c/cmake)
[1.376s] -- Found rosidl_generator_cpp: 4.6.6 (/opt/ros/jazzy/share/rosidl_generator_cpp/cmake)
[1.407s] -- Using all available rosidl_typesupport_c: rosidl_typesupport_fastrtps_c;rosidl_typesupport_introspection_c
[1.441s] -- Using all available rosidl_typesupport_cpp: rosidl_typesupport_fastrtps_cpp;rosidl_typesupport_introspection_cpp
[1.497s] Invoked command in '/home/thanushree/ros2_ws/src/assignment-ros2-lifecycle-nodes-ThanushreeN27/build/ros2_lifecycle' returned '-2': CMAKE_PREFIX_PATH=${CMAKE_PREFIX_PATH}:/opt/ros/jazzy DEBUGINFOD_URLS=https://debuginfod.ubuntu.com /usr/bin/cmake /home/thanushree/ros2_ws/src/assignment-ros2-lifecycle-nodes-ThanushreeN27 -DCMAKE_INSTALL_PREFIX=/home/thanushree/ros2_ws/src/assignment-ros2-lifecycle-nodes-ThanushreeN27/install/ros2_lifecycle
