[0.499s] DEBUG:colcon:Command line arguments: ['/usr/bin/colcon', 'build', '--packages-select', 'ros2_lifecycle']
[0.499s] DEBUG:colcon:Parsed command line arguments: Namespace(log_base=None, log_level=None, verb_name='build', build_base='build', install_base='install', merge_install=False, symlink_install=False, test_result_base=None, continue_on_error=False, executor='parallel', parallel_workers=12, event_handlers=None, ignore_user_meta=False, metas=['./colcon.meta'], base_paths=['.'], packages_ignore=None, packages_ignore_regex=None, paths=None, packages_up_to=None, packages_up_to_regex=None, packages_above=None, packages_above_and_dependencies=None, packages_above_depth=None, packages_select_by_dep=None, packages_skip_by_dep=None, packages_skip_up_to=None, packages_select_build_failed=False, packages_skip_build_finished=False, packages_select_test_failures=False, packages_skip_test_passed=False, packages_select=['ros2_lifecycle'], packages_skip=None, packages_select_regex=None, packages_skip_regex=None, packages_start=None, packages_end=None, allow_overriding=[], cmake_args=None, cmake_target=None, cmake_target_skip_unavailable=False, cmake_clean_cache=False, cmake_clean_first=False, cmake_force_configure=False, ament_cmake_args=None, catkin_cmake_args=None, catkin_skip_building_tests=False, mixin_files=None, mixin=None, verb_parser=<colcon_mixin.mixin.mixin_argument.MixinArgumentDecorator object at 0x7d9b84bb30e0>, verb_extension=<colcon_core.verb.build.BuildVerb object at 0x7d9b852aacf0>, main=<bound method BuildVerb.main of <colcon_core.verb.build.BuildVerb object at 0x7d9b852aacf0>>, mixin_verb=('build',))
[0.624s] Level 1:colcon.colcon_core.package_discovery:discover_packages(colcon_meta) check parameters
[0.624s] Level 1:colcon.colcon_core.package_discovery:discover_packages(recursive) check parameters
[0.624s] Level 1:colcon.colcon_core.package_discovery:discover_packages(ignore) check parameters
[0.624s] Level 1:colcon.colcon_core.package_discovery:discover_packages(path) check parameters
[0.624s] Level 1:colcon.colcon_core.package_discovery:discover_packages(colcon_meta) discover
[0.624s] Level 1:colcon.colcon_core.package_discovery:discover_packages(recursive) discover
[0.624s] INFO:colcon.colcon_core.package_discovery:Crawling recursively for packages in '/home/thanushree/ros2_ws/src/assignment-ros2-lifecycle-nodes-ThanushreeN27'
[0.625s] Level 1:colcon.colcon_core.package_identification:_identify(.) by extensions ['ignore', 'ignore_ament_install']
[0.625s] Level 1:colcon.colcon_core.package_identification:_identify(.) by extension 'ignore'
[0.625s] Level 1:colcon.colcon_core.package_identification:_identify(.) by extension 'ignore_ament_install'
[0.625s] Level 1:colcon.colcon_core.package_identification:_identify(.) by extensions ['colcon_pkg']
[0.625s] Level 1:colcon.colcon_core.package_identification:_identify(.) by extension 'colcon_pkg'
[0.625s] Level 1:colcon.colcon_core.package_identification:_identify(.) by extensions ['colcon_meta']
[0.625s] Level 1:colcon.colcon_core.package_identification:_identify(.) by extension 'colcon_meta'
[0.625s] Level 1:colcon.colcon_core.package_identification:_identify(.) by extensions ['ros']
[0.625s] Level 1:colcon.colcon_core.package_identification:_identify(.) by extension 'ros'
[0.680s] DEBUG:colcon.colcon_core.package_identification:Package '.' with type 'ros.ament_cmake' and name 'ros2_lifecycle'
[0.680s] Level 1:colcon.colcon_core.package_discovery:discover_packages(recursive) using defaults
[0.680s] Level 1:colcon.colcon_core.package_discovery:discover_packages(ignore) discover
[0.680s] Level 1:colcon.colcon_core.package_discovery:discover_packages(ignore) using defaults
[0.680s] Level 1:colcon.colcon_core.package_discovery:discover_packages(path) discover
[0.680s] Level 1:colcon.colcon_core.package_discovery:discover_packages(path) using defaults
[0.710s] Level 1:colcon.colcon_core.package_discovery:discover_packages(prefix_path) check parameters
[0.710s] Level 1:colcon.colcon_core.package_discovery:discover_packages(prefix_path) discover
[0.716s] DEBUG:colcon.colcon_installed_package_information.package_discovery:Found 411 installed packages in /opt/ros/jazzy
[0.718s] Level 1:colcon.colcon_core.package_discovery:discover_packages(prefix_path) using defaults
[0.795s] Level 5:colcon.colcon_core.verb:set package 'ros2_lifecycle' build argument 'cmake_args' from command line to 'None'
[0.795s] Level 5:colcon.colcon_core.verb:set package 'ros2_lifecycle' build argument 'cmake_target' from command line to 'None'
[0.795s] Level 5:colcon.colcon_core.verb:set package 'ros2_lifecycle' build argument 'cmake_target_skip_unavailable' from command line to 'False'
[0.795s] Level 5:colcon.colcon_core.verb:set package 'ros2_lifecycle' build argument 'cmake_clean_cache' from command line to 'False'
[0.795s] Level 5:colcon.colcon_core.verb:set package 'ros2_lifecycle' build argument 'cmake_clean_first' from command line to 'False'
[0.795s] Level 5:colcon.colcon_core.verb:set package 'ros2_lifecycle' build argument 'cmake_force_configure' from command line to 'False'
[0.795s] Level 5:colcon.colcon_core.verb:set package 'ros2_lifecycle' build argument 'ament_cmake_args' from command line to 'None'
[0.795s] Level 5:colcon.colcon_core.verb:set package 'ros2_lifecycle' build argument 'catkin_cmake_args' from command line to 'None'
[0.795s] Level 5:colcon.colcon_core.verb:set package 'ros2_lifecycle' build argument 'catkin_skip_building_tests' from command line to 'False'
[0.795s] DEBUG:colcon.colcon_core.verb:Building package 'ros2_lifecycle' with the following arguments: {'ament_cmake_args': None, 'build_base': '/home/thanushree/ros2_ws/src/assignment-ros2-lifecycle-nodes-ThanushreeN27/build/ros2_lifecycle', 'catkin_cmake_args': None, 'catkin_skip_building_tests': False, 'cmake_args': None, 'cmake_clean_cache': False, 'cmake_clean_first': False, 'cmake_force_configure': False, 'cmake_target': None, 'cmake_target_skip_unavailable': False, 'install_base': '/home/thanushree/ros2_ws/src/assignment-ros2-lifecycle-nodes-ThanushreeN27/install/ros2_lifecycle', 'merge_install': False, 'path': '/home/thanushree/ros2_ws/src/assignment-ros2-lifecycle-nodes-ThanushreeN27', 'symlink_install': False, 'test_result_base': None}
[0.795s] INFO:colcon.colcon_core.executor:Executing jobs using 'parallel' executor
[0.797s] DEBUG:colcon.colcon_parallel_executor.executor.parallel:run_until_complete
[0.798s] INFO:colcon.colcon_ros.task.ament_cmake.build:Building ROS package in '/home/thanushree/ros2_ws/src/assignment-ros2-lifecycle-nodes-ThanushreeN27' with build type 'ament_cmake'
[0.798s] INFO:colcon.colcon_cmake.task.cmake.build:Building CMake package in '/home/thanushree/ros2_ws/src/assignment-ros2-lifecycle-nodes-ThanushreeN27'
[0.807s] INFO:colcon.colcon_core.plugin_system:Skipping extension 'colcon_core.shell.bat': Not used on non-Windows systems
[0.808s] INFO:colcon.colcon_core.shell:Skip shell extension 'powershell' for command environment: Not usable outside of PowerShell
[0.808s] DEBUG:colcon.colcon_core.shell:Skip shell extension 'dsv' for command environment
[0.823s] DEBUG:colcon.colcon_core.event_handler.log_command:Invoking command in '/home/thanushree/ros2_ws/src/assignment-ros2-lifecycle-nodes-ThanushreeN27/build/ros2_lifecycle': CMAKE_PREFIX_PATH=${CMAKE_PREFIX_PATH}:/opt/ros/jazzy DEBUGINFOD_URLS=https://debuginfod.ubuntu.com /usr/bin/cmake /home/thanushree/ros2_ws/src/assignment-ros2-lifecycle-nodes-ThanushreeN27 -DCMAKE_INSTALL_PREFIX=/home/thanushree/ros2_ws/src/assignment-ros2-lifecycle-nodes-ThanushreeN27/install/ros2_lifecycle
[2.293s] DEBUG:colcon.colcon_parallel_executor.executor.parallel:run_until_complete was interrupted
[2.293s] DEBUG:colcon.colcon_parallel_executor.executor.parallel:run_until_complete again
[2.295s] DEBUG:colcon.colcon_core.event_handler.log_command:Invoked command in '/home/thanushree/ros2_ws/src/assignment-ros2-lifecycle-nodes-ThanushreeN27/build/ros2_lifecycle' returned '-2': CMAKE_PREFIX_PATH=${CMAKE_PREFIX_PATH}:/opt/ros/jazzy DEBUGINFOD_URLS=https://debuginfod.ubuntu.com /usr/bin/cmake /home/thanushree/ros2_ws/src/assignment-ros2-lifecycle-nodes-ThanushreeN27 -DCMAKE_INSTALL_PREFIX=/home/thanushree/ros2_ws/src/assignment-ros2-lifecycle-nodes-ThanushreeN27/install/ros2_lifecycle
[2.296s] Level 1:colcon.colcon_core.environment:create_environment_scripts_only(ros2_lifecycle)
[2.305s] Level 1:colcon.colcon_core.environment:checking '/home/thanushree/ros2_ws/src/assignment-ros2-lifecycle-nodes-ThanushreeN27/install/ros2_lifecycle' for CMake module files
[2.306s] Level 1:colcon.colcon_core.environment:checking '/home/thanushree/ros2_ws/src/assignment-ros2-lifecycle-nodes-ThanushreeN27/install/ros2_lifecycle' for CMake config files
[2.306s] Level 1:colcon.colcon_core.environment:checking '/home/thanushree/ros2_ws/src/assignment-ros2-lifecycle-nodes-ThanushreeN27/install/ros2_lifecycle/bin'
[2.306s] Level 1:colcon.colcon_core.environment:checking '/home/thanushree/ros2_ws/src/assignment-ros2-lifecycle-nodes-ThanushreeN27/install/ros2_lifecycle/lib/pkgconfig/ros2_lifecycle.pc'
[2.306s] Level 1:colcon.colcon_core.environment:checking '/home/thanushree/ros2_ws/src/assignment-ros2-lifecycle-nodes-ThanushreeN27/install/ros2_lifecycle/lib/python3.12/site-packages'
[2.307s] Level 1:colcon.colcon_core.environment:checking '/home/thanushree/ros2_ws/src/assignment-ros2-lifecycle-nodes-ThanushreeN27/install/ros2_lifecycle/bin'
[2.307s] INFO:colcon.colcon_core.shell:Creating package script '/home/thanushree/ros2_ws/src/assignment-ros2-lifecycle-nodes-ThanushreeN27/install/ros2_lifecycle/share/ros2_lifecycle/package.ps1'
[2.308s] INFO:colcon.colcon_core.shell:Creating package descriptor '/home/thanushree/ros2_ws/src/assignment-ros2-lifecycle-nodes-ThanushreeN27/install/ros2_lifecycle/share/ros2_lifecycle/package.dsv'
[2.309s] INFO:colcon.colcon_core.shell:Creating package script '/home/thanushree/ros2_ws/src/assignment-ros2-lifecycle-nodes-ThanushreeN27/install/ros2_lifecycle/share/ros2_lifecycle/package.sh'
[2.309s] INFO:colcon.colcon_core.shell:Creating package script '/home/thanushree/ros2_ws/src/assignment-ros2-lifecycle-nodes-ThanushreeN27/install/ros2_lifecycle/share/ros2_lifecycle/package.bash'
[2.310s] INFO:colcon.colcon_core.shell:Creating package script '/home/thanushree/ros2_ws/src/assignment-ros2-lifecycle-nodes-ThanushreeN27/install/ros2_lifecycle/share/ros2_lifecycle/package.zsh'
[2.311s] Level 1:colcon.colcon_core.environment:create_file_with_runtime_dependencies(/home/thanushree/ros2_ws/src/assignment-ros2-lifecycle-nodes-ThanushreeN27/install/ros2_lifecycle/share/colcon-core/packages/ros2_lifecycle)
[2.322s] DEBUG:colcon.colcon_parallel_executor.executor.parallel:run_until_complete finished
[2.322s] DEBUG:colcon.colcon_parallel_executor.executor.parallel:closing loop
[2.322s] DEBUG:colcon.colcon_parallel_executor.executor.parallel:loop closed
[2.323s] DEBUG:colcon.colcon_core.event_reactor:joining thread
[2.334s] INFO:colcon.colcon_core.plugin_system:Skipping extension 'colcon_notification.desktop_notification.terminal_notifier': Not used on non-Darwin systems
[2.334s] INFO:colcon.colcon_core.plugin_system:Skipping extension 'colcon_notification.desktop_notification.win32': Not used on non-Windows systems
[2.334s] INFO:colcon.colcon_notification.desktop_notification:Sending desktop notification using 'notify2'
[2.364s] DEBUG:colcon.colcon_core.event_reactor:joined thread
[2.365s] INFO:colcon.colcon_core.shell:Creating prefix script '/home/thanushree/ros2_ws/src/assignment-ros2-lifecycle-nodes-ThanushreeN27/install/local_setup.ps1'
[2.367s] INFO:colcon.colcon_core.shell:Creating prefix util module '/home/thanushree/ros2_ws/src/assignment-ros2-lifecycle-nodes-ThanushreeN27/install/_local_setup_util_ps1.py'
[2.370s] INFO:colcon.colcon_core.shell:Creating prefix chain script '/home/thanushree/ros2_ws/src/assignment-ros2-lifecycle-nodes-ThanushreeN27/install/setup.ps1'
[2.373s] INFO:colcon.colcon_core.shell:Creating prefix script '/home/thanushree/ros2_ws/src/assignment-ros2-lifecycle-nodes-ThanushreeN27/install/local_setup.sh'
[2.374s] INFO:colcon.colcon_core.shell:Creating prefix util module '/home/thanushree/ros2_ws/src/assignment-ros2-lifecycle-nodes-ThanushreeN27/install/_local_setup_util_sh.py'
[2.376s] INFO:colcon.colcon_core.shell:Creating prefix chain script '/home/thanushree/ros2_ws/src/assignment-ros2-lifecycle-nodes-ThanushreeN27/install/setup.sh'
[2.378s] INFO:colcon.colcon_core.shell:Creating prefix script '/home/thanushree/ros2_ws/src/assignment-ros2-lifecycle-nodes-ThanushreeN27/install/local_setup.bash'
[2.380s] INFO:colcon.colcon_core.shell:Creating prefix chain script '/home/thanushree/ros2_ws/src/assignment-ros2-lifecycle-nodes-ThanushreeN27/install/setup.bash'
[2.382s] INFO:colcon.colcon_core.shell:Creating prefix script '/home/thanushree/ros2_ws/src/assignment-ros2-lifecycle-nodes-ThanushreeN27/install/local_setup.zsh'
[2.383s] INFO:colcon.colcon_core.shell:Creating prefix chain script '/home/thanushree/ros2_ws/src/assignment-ros2-lifecycle-nodes-ThanushreeN27/install/setup.zsh'
